LogInit
-Info- [Material] Initializing Material
-Info- [Shader] Shader alloc mem ok
-Info- [Shader] Compiling shader vertex_shader.txt
-Info- [Shader] Shader compiled ok
-Info- [Shader] Shader alloc mem ok
-Info- [Shader] Compiling shader fragment_shader.txt
-Info- [Shader] Shader compiled ok
-Info- [Material] Initializing Material
-Info- [Shader] Shader alloc mem ok
-Info- [Shader] Compiling shader vertex_position_shader.txt
-Info- [Shader] Shader compiled ok
-Info- [Shader] Shader alloc mem ok
-Info- [Shader] Compiling shader fragment_shader.txt
-Info- [Shader] Shader compiled ok
-Info- [Material] Initializing Material
-Info- [Shader] Shader alloc mem ok
-Info- [Shader] Compiling shader vertex_shader.txt
-Info- [Shader] Shader compiled ok
-Info- [Shader] Shader alloc mem ok
-Info- [Shader] Compiling shader fragment_shader.txt
-Info- [Shader] Shader compiled ok
-Err- [Shader] -------------------loading data10253
-Info- [Shader] MD2 Frames loaded31
-Err- [Shader] -------------------loading data10253
-Info- [Shader] MD2 Frames loaded31
-Err- [GameObject] GameObject Draven failed to set mesh vertices 1282
LogDispose
