D:\TOOLS\DEVELOPMENT\DROPBOX\WORKSPACES\WORKSPACECPP\KEVLAR3D\KEVLAR3D\DEBUG\ENGINEMANAGER.OBJ
D:\TOOLS\DEVELOPMENT\DROPBOX\WORKSPACES\WORKSPACECPP\KEVLAR3D\KEVLAR3D\DEBUG\LOG.OBJ
D:\TOOLS\DEVELOPMENT\DROPBOX\WORKSPACES\WORKSPACECPP\KEVLAR3D\KEVLAR3D\DEBUG\MAIN.OBJ
D:\TOOLS\DEVELOPMENT\DROPBOX\WORKSPACES\WORKSPACECPP\KEVLAR3D\KEVLAR3D\DEBUG\SHADER.OBJ
D:\TOOLS\DEVELOPMENT\DROPBOX\WORKSPACES\WORKSPACECPP\KEVLAR3D\KEVLAR3D\DEBUG\SHADERFACTORY.OBJ
D:\TOOLS\DEVELOPMENT\DROPBOX\WORKSPACES\WORKSPACECPP\KEVLAR3D\KEVLAR3D\DEBUG\VECTOR.OBJ
D:\TOOLS\DEVELOPMENT\DROPBOX\WORKSPACES\WORKSPACECPP\KEVLAR3D\KEVLAR3D\DEBUG\VC110.PDB
D:\TOOLS\DEVELOPMENT\DROPBOX\WORKSPACES\WORKSPACECPP\KEVLAR3D\DEBUG\KEVLAR3D.ILK
D:\TOOLS\DEVELOPMENT\DROPBOX\WORKSPACES\WORKSPACECPP\KEVLAR3D\DEBUG\KEVLAR3D.EXE
D:\TOOLS\DEVELOPMENT\DROPBOX\WORKSPACES\WORKSPACECPP\KEVLAR3D\DEBUG\KEVLAR3D.PDB
D:\Tools\Development\Dropbox\Workspaces\WorkspaceCpp\Kevlar3D\Kevlar3D\Debug\EngineManager.obj
D:\Tools\Development\Dropbox\Workspaces\WorkspaceCpp\Kevlar3D\Kevlar3D\Debug\Log.obj
D:\Tools\Development\Dropbox\Workspaces\WorkspaceCpp\Kevlar3D\Kevlar3D\Debug\Main.obj
D:\Tools\Development\Dropbox\Workspaces\WorkspaceCpp\Kevlar3D\Kevlar3D\Debug\Shader.obj
D:\Tools\Development\Dropbox\Workspaces\WorkspaceCpp\Kevlar3D\Kevlar3D\Debug\ShaderFactory.obj
D:\Tools\Development\Dropbox\Workspaces\WorkspaceCpp\Kevlar3D\Kevlar3D\Debug\Vector.obj
D:\Tools\Development\Dropbox\Workspaces\WorkspaceCpp\Kevlar3D\Kevlar3D\Debug\cl.command.1.tlog
D:\Tools\Development\Dropbox\Workspaces\WorkspaceCpp\Kevlar3D\Kevlar3D\Debug\CL.read.1.tlog
D:\Tools\Development\Dropbox\Workspaces\WorkspaceCpp\Kevlar3D\Kevlar3D\Debug\CL.write.1.tlog
D:\Tools\Development\Dropbox\Workspaces\WorkspaceCpp\Kevlar3D\Kevlar3D\Debug\link-cvtres.read.1.tlog
D:\Tools\Development\Dropbox\Workspaces\WorkspaceCpp\Kevlar3D\Kevlar3D\Debug\link-cvtres.write.1.tlog
D:\Tools\Development\Dropbox\Workspaces\WorkspaceCpp\Kevlar3D\Kevlar3D\Debug\link-rc.read.1.tlog
D:\Tools\Development\Dropbox\Workspaces\WorkspaceCpp\Kevlar3D\Kevlar3D\Debug\link-rc.write.1.tlog
D:\Tools\Development\Dropbox\Workspaces\WorkspaceCpp\Kevlar3D\Kevlar3D\Debug\link.command.1.tlog
D:\Tools\Development\Dropbox\Workspaces\WorkspaceCpp\Kevlar3D\Kevlar3D\Debug\link.read.1.tlog
D:\Tools\Development\Dropbox\Workspaces\WorkspaceCpp\Kevlar3D\Kevlar3D\Debug\link.write.1.tlog
D:\Tools\Development\Dropbox\Workspaces\WorkspaceCpp\Kevlar3D\Kevlar3D\Debug\vc110.idb
D:\Tools\Development\Dropbox\Workspaces\WorkspaceCpp\Kevlar3D\Kevlar3D\Debug\vc110.pdb
D:\Tools\Development\Dropbox\Workspaces\WorkspaceCpp\Kevlar3D\Debug\Kevlar3D.pdb
D:\Tools\Development\Dropbox\Workspaces\WorkspaceCpp\Kevlar3D\Debug\Kevlar3D.exe
D:\Tools\Development\Dropbox\Workspaces\WorkspaceCpp\Kevlar3D\Debug\Kevlar3D.ilk
