Build started 12/1/2013 3:03:57 PM.
     1>Project "D:\Tools\Development\Dropbox\Workspaces\WorkspaceCpp\Kevlar3D\Kevlar3D\Kevlar3D.vcxproj" on node 2 (Rebuild target(s)).
     1>ClCompile:
         D:\Tools\Development\VisualStudio2012\VC\bin\CL.exe /c /ID:\Tools\Development\Dropbox\Workspaces\WorkspaceCpp\Kevlar3D\K3Lib\freeglut\include /I"D:\Tools\Development\Dropbox\Workspaces\WorkspaceCpp\Kevlar3D\K3Lib\glew-1.10.0\include" /ZI /nologo /W3 /WX- /Od /Oy- /D WIN32 /D _DEBUG /D _CONSOLE /D _UNICODE /D UNICODE /Gm /EHsc /RTC1 /MDd /GS /fp:precise /Zc:wchar_t /Zc:forScope /Fo"Debug\\" /Fd"Debug\vc110.pdb" /Gd /TP /analyze- /errorReport:prompt EngineManager.cpp Log.cpp Main.cpp ShaderFactory.cpp
         ShaderFactory.cpp
     1>d:\tools\development\dropbox\workspaces\workspacecpp\kevlar3d\kevlar3d\log.h(14): warning C4114: same type qualifier used more than once
     1>d:\tools\development\dropbox\workspaces\workspacecpp\kevlar3d\kevlar3d\shaderfactory.cpp(27): warning C4244: 'argument' : conversion from 'std::streamoff' to 'unsigned int', possible loss of data
         Main.cpp
     1>d:\tools\development\dropbox\workspaces\workspacecpp\kevlar3d\kevlar3d\log.h(14): warning C4114: same type qualifier used more than once
         Log.cpp
     1>d:\tools\development\dropbox\workspaces\workspacecpp\kevlar3d\kevlar3d\log.h(14): warning C4114: same type qualifier used more than once
         EngineManager.cpp
     1>d:\tools\development\dropbox\workspaces\workspacecpp\kevlar3d\kevlar3d\log.h(14): warning C4114: same type qualifier used more than once
         Generating Code...
       Link:
         D:\Tools\Development\VisualStudio2012\VC\bin\link.exe /ERRORREPORT:PROMPT /OUT:"D:\Tools\Development\Dropbox\Workspaces\WorkspaceCpp\Kevlar3D\Debug\Kevlar3D.exe" /INCREMENTAL /NOLOGO /LIBPATH:D:\Tools\Development\Dropbox\Workspaces\WorkspaceCpp\Kevlar3D\K3Lib/freeglut/lib /LIBPATH:"D:\Tools\Development\Dropbox\Workspaces\WorkspaceCpp\Kevlar3D\K3Lib/glew-1.10.0/lib/Release/Win32" glew32.lib freeglut.lib kernel32.lib user32.lib gdi32.lib winspool.lib comdlg32.lib advapi32.lib shell32.lib ole32.lib oleaut32.lib uuid.lib odbc32.lib odbccp32.lib kernel32.lib user32.lib gdi32.lib winspool.lib comdlg32.lib advapi32.lib shell32.lib ole32.lib oleaut32.lib uuid.lib odbc32.lib odbccp32.lib /MANIFEST /MANIFESTUAC:"level='asInvoker' uiAccess='false'" /manifest:embed /DEBUG /PDB:"D:\Tools\Development\Dropbox\Workspaces\WorkspaceCpp\Kevlar3D\Debug\Kevlar3D.pdb" /SUBSYSTEM:CONSOLE /TLBID:1 /DYNAMICBASE /NXCOMPAT /IMPLIB:"D:\Tools\Development\Dropbox\Workspaces\WorkspaceCpp\Kevlar3D\Debug\Kevlar3D.lib" /MACHINE:X86 Debug\EngineManager.obj
         Debug\Log.obj
         Debug\Main.obj
         Debug\ShaderFactory.obj
         Kevlar3D.vcxproj -> D:\Tools\Development\Dropbox\Workspaces\WorkspaceCpp\Kevlar3D\Debug\Kevlar3D.exe
     1>Done Building Project "D:\Tools\Development\Dropbox\Workspaces\WorkspaceCpp\Kevlar3D\Kevlar3D\Kevlar3D.vcxproj" (Rebuild target(s)).

Build succeeded.

Time Elapsed 00:00:02.90
